<?xml version="1.0" encoding="UTF-8"?>
<coverage generated="1618272062775" clover="3.2.0">
  <project timestamp="1618272062775" name="All files">
    <metrics statements="8" coveredstatements="7" conditionals="6" coveredconditionals="5" methods="1" coveredmethods="1" elements="15" coveredelements="13" complexity="0" loc="8" ncloc="8" packages="1" files="1" classes="1"/>
    <file name="roman-num.js" path="/Users/Micah/projects/roman-numerals-recursion/src/roman-num.js">
      <metrics statements="8" coveredstatements="7" conditionals="6" coveredconditionals="5" methods="1" coveredmethods="1"/>
      <line num="1" count="1" type="stmt"/>
      <line num="18" count="21" type="cond" truecount="1" falsecount="1"/>
      <line num="19" count="0" type="stmt"/>
      <line num="21" count="21" type="cond" truecount="2" falsecount="0"/>
      <line num="22" count="5" type="stmt"/>
      <line num="24" count="16" type="stmt"/>
      <line num="25" count="151" type="cond" truecount="2" falsecount="0"/>
      <line num="26" count="16" type="stmt"/>
    </file>
  </project>
</coverage>
