{"/Users/Micah/projects/roman-numerals-recursion/src/roman-num.js": {"path":"/Users/Micah/projects/roman-numerals-recursion/src/roman-num.js","statementMap":{"0":{"start":{"line":1,"column":17},"end":{"line":15,"column":1}},"1":{"start":{"line":18,"column":2},"end":{"line":20,"column":3}},"2":{"start":{"line":19,"column":4},"end":{"line":19,"column":60}},"3":{"start":{"line":21,"column":2},"end":{"line":29,"column":3}},"4":{"start":{"line":22,"column":4},"end":{"line":22,"column":14}},"5":{"start":{"line":24,"column":4},"end":{"line":28,"column":5}},"6":{"start":{"line":24,"column":17},"end":{"line":24,"column":18}},"7":{"start":{"line":25,"column":6},"end":{"line":27,"column":7}},"8":{"start":{"line":26,"column":8},"end":{"line":26,"column":70}}},"fnMap":{"0":{"name":"toRoman","decl":{"start":{"line":17,"column":24},"end":{"line":17,"column":31}},"loc":{"start":{"line":17,"column":37},"end":{"line":30,"column":1}},"line":17}},"branchMap":{"0":{"loc":{"start":{"line":18,"column":2},"end":{"line":20,"column":3}},"type":"if","locations":[{"start":{"line":18,"column":2},"end":{"line":20,"column":3}},{"start":{"line":18,"column":2},"end":{"line":20,"column":3}}],"line":18},"1":{"loc":{"start":{"line":21,"column":2},"end":{"line":29,"column":3}},"type":"if","locations":[{"start":{"line":21,"column":2},"end":{"line":29,"column":3}},{"start":{"line":21,"column":2},"end":{"line":29,"column":3}}],"line":21},"2":{"loc":{"start":{"line":25,"column":6},"end":{"line":27,"column":7}},"type":"if","locations":[{"start":{"line":25,"column":6},"end":{"line":27,"column":7}},{"start":{"line":25,"column":6},"end":{"line":27,"column":7}}],"line":25}},"s":{"0":1,"1":21,"2":0,"3":21,"4":5,"5":16,"6":16,"7":151,"8":16},"f":{"0":21},"b":{"0":[0,21],"1":[5,16],"2":[16,135]},"_coverageSchema":"43e27e138ebf9cfc5966b082cf9a028302ed4184","hash":"df88a0bb6c081a295d52e9a271d85a61f7143149"}
}
